{"/home/agustin/uni/tdd-vitest/src/Calculator.jsx": {"path":"/home/agustin/uni/tdd-vitest/src/Calculator.jsx","all":false,"statementMap":{"0":{"start":{"line":1,"column":0},"end":{"line":1,"column":32}},"1":{"start":{"line":2,"column":0},"end":{"line":2,"column":33}},"2":{"start":{"line":3,"column":0},"end":{"line":3,"column":0}},"3":{"start":{"line":4,"column":0},"end":{"line":4,"column":53}},"4":{"start":{"line":5,"column":0},"end":{"line":5,"column":0}},"5":{"start":{"line":6,"column":0},"end":{"line":6,"column":14}},"6":{"start":{"line":7,"column":0},"end":{"line":7,"column":12}},"7":{"start":{"line":8,"column":0},"end":{"line":8,"column":12}},"8":{"start":{"line":9,"column":0},"end":{"line":9,"column":12}},"9":{"start":{"line":10,"column":0},"end":{"line":10,"column":5}},"10":{"start":{"line":11,"column":0},"end":{"line":11,"column":1}},"11":{"start":{"line":12,"column":0},"end":{"line":12,"column":0}},"12":{"start":{"line":13,"column":0},"end":{"line":13,"column":46}},"13":{"start":{"line":14,"column":0},"end":{"line":14,"column":28}},"14":{"start":{"line":15,"column":0},"end":{"line":15,"column":0}},"15":{"start":{"line":16,"column":0},"end":{"line":16,"column":33}},"16":{"start":{"line":17,"column":0},"end":{"line":17,"column":40}},"17":{"start":{"line":18,"column":0},"end":{"line":18,"column":0}},"18":{"start":{"line":19,"column":0},"end":{"line":19,"column":41}},"19":{"start":{"line":20,"column":0},"end":{"line":20,"column":30}},"20":{"start":{"line":21,"column":0},"end":{"line":21,"column":3}},"21":{"start":{"line":22,"column":0},"end":{"line":22,"column":0}},"22":{"start":{"line":23,"column":0},"end":{"line":23,"column":10}},"23":{"start":{"line":24,"column":0},"end":{"line":24,"column":6}},"24":{"start":{"line":25,"column":0},"end":{"line":25,"column":25}},"25":{"start":{"line":26,"column":0},"end":{"line":26,"column":38}},"26":{"start":{"line":27,"column":0},"end":{"line":27,"column":23}},"27":{"start":{"line":28,"column":0},"end":{"line":28,"column":35}},"28":{"start":{"line":29,"column":0},"end":{"line":29,"column":38}},"29":{"start":{"line":30,"column":0},"end":{"line":30,"column":34}},"30":{"start":{"line":31,"column":0},"end":{"line":31,"column":71}},"31":{"start":{"line":32,"column":0},"end":{"line":32,"column":24}},"32":{"start":{"line":33,"column":0},"end":{"line":33,"column":23}},"33":{"start":{"line":34,"column":0},"end":{"line":34,"column":15}},"34":{"start":{"line":35,"column":0},"end":{"line":35,"column":16}},"35":{"start":{"line":36,"column":0},"end":{"line":36,"column":11}},"36":{"start":{"line":37,"column":0},"end":{"line":37,"column":9}},"37":{"start":{"line":38,"column":0},"end":{"line":38,"column":41}},"38":{"start":{"line":39,"column":0},"end":{"line":39,"column":95}},"39":{"start":{"line":40,"column":0},"end":{"line":40,"column":12}},"40":{"start":{"line":41,"column":0},"end":{"line":41,"column":9}},"41":{"start":{"line":42,"column":0},"end":{"line":42,"column":78}},"42":{"start":{"line":43,"column":0},"end":{"line":43,"column":12}},"43":{"start":{"line":44,"column":0},"end":{"line":44,"column":7}},"44":{"start":{"line":45,"column":0},"end":{"line":45,"column":3}},"45":{"start":{"line":46,"column":0},"end":{"line":46,"column":1}}},"s":{"0":1,"1":1,"2":1,"3":1,"4":1,"5":1,"6":1,"7":1,"8":1,"9":1,"10":1,"11":1,"12":1,"13":1,"14":1,"15":1,"16":22,"17":22,"18":22,"19":10,"20":10,"21":22,"22":22,"23":22,"24":22,"25":22,"26":22,"27":22,"28":88,"29":88,"30":220,"31":220,"32":220,"33":88,"34":88,"35":22,"36":22,"37":22,"38":88,"39":22,"40":22,"41":22,"42":22,"43":22,"44":22,"45":22},"branchMap":{"0":{"type":"branch","line":16,"loc":{"start":{"line":16,"column":26},"end":{"line":46,"column":1}},"locations":[{"start":{"line":16,"column":26},"end":{"line":46,"column":1}}]},"1":{"type":"branch","line":19,"loc":{"start":{"line":19,"column":28},"end":{"line":21,"column":3}},"locations":[{"start":{"line":19,"column":28},"end":{"line":21,"column":3}}]},"2":{"type":"branch","line":19,"loc":{"start":{"line":19,"column":34},"end":{"line":21,"column":3}},"locations":[{"start":{"line":19,"column":34},"end":{"line":21,"column":3}}]},"3":{"type":"branch","line":28,"loc":{"start":{"line":28,"column":18},"end":{"line":35,"column":16}},"locations":[{"start":{"line":28,"column":18},"end":{"line":35,"column":16}}]},"4":{"type":"branch","line":30,"loc":{"start":{"line":30,"column":21},"end":{"line":33,"column":23}},"locations":[{"start":{"line":30,"column":21},"end":{"line":33,"column":23}}]},"5":{"type":"branch","line":38,"loc":{"start":{"line":38,"column":25},"end":{"line":39,"column":95}},"locations":[{"start":{"line":38,"column":25},"end":{"line":39,"column":95}}]},"6":{"type":"branch","line":42,"loc":{"start":{"line":42,"column":25},"end":{"line":42,"column":59}},"locations":[{"start":{"line":42,"column":25},"end":{"line":42,"column":59}}]}},"b":{"0":[22],"1":[308],"2":[10],"3":[88],"4":[220],"5":[88],"6":[1]},"fnMap":{"0":{"name":"Calculator","decl":{"start":{"line":16,"column":26},"end":{"line":46,"column":1}},"loc":{"start":{"line":16,"column":26},"end":{"line":46,"column":1}},"line":16},"1":{"name":"createHandleClick","decl":{"start":{"line":19,"column":28},"end":{"line":21,"column":3}},"loc":{"start":{"line":19,"column":28},"end":{"line":21,"column":3}},"line":19},"2":{"name":"onClick","decl":{"start":{"line":42,"column":25},"end":{"line":42,"column":59}},"loc":{"start":{"line":42,"column":25},"end":{"line":42,"column":59}},"line":42}},"f":{"0":22,"1":308,"2":1}}
,"/home/agustin/uni/tdd-vitest/src/fizzbuzz.js": {"path":"/home/agustin/uni/tdd-vitest/src/fizzbuzz.js","all":false,"statementMap":{"0":{"start":{"line":1,"column":0},"end":{"line":1,"column":37}},"1":{"start":{"line":2,"column":0},"end":{"line":2,"column":79}},"2":{"start":{"line":3,"column":0},"end":{"line":3,"column":73}},"3":{"start":{"line":4,"column":0},"end":{"line":4,"column":45}},"4":{"start":{"line":5,"column":0},"end":{"line":5,"column":17}},"5":{"start":{"line":6,"column":0},"end":{"line":6,"column":8}},"6":{"start":{"line":7,"column":0},"end":{"line":7,"column":24}},"7":{"start":{"line":8,"column":0},"end":{"line":8,"column":37}},"8":{"start":{"line":9,"column":0},"end":{"line":9,"column":50}},"9":{"start":{"line":10,"column":0},"end":{"line":10,"column":6}},"10":{"start":{"line":11,"column":0},"end":{"line":11,"column":40}},"11":{"start":{"line":12,"column":0},"end":{"line":12,"column":1}}},"s":{"0":1,"1":13,"2":13,"3":10,"4":10,"5":10,"6":10,"7":10,"8":20,"9":10,"10":13,"11":13},"branchMap":{"0":{"type":"branch","line":1,"loc":{"start":{"line":1,"column":24},"end":{"line":12,"column":1}},"locations":[{"start":{"line":1,"column":24},"end":{"line":12,"column":1}}]},"1":{"type":"branch","line":2,"loc":{"start":{"line":2,"column":34},"end":{"line":2,"column":79}},"locations":[{"start":{"line":2,"column":34},"end":{"line":2,"column":79}}]},"2":{"type":"branch","line":3,"loc":{"start":{"line":3,"column":-1},"end":{"line":3,"column":28}},"locations":[{"start":{"line":3,"column":-1},"end":{"line":3,"column":28}}]},"3":{"type":"branch","line":3,"loc":{"start":{"line":3,"column":28},"end":{"line":3,"column":73}},"locations":[{"start":{"line":3,"column":28},"end":{"line":3,"column":73}}]},"4":{"type":"branch","line":4,"loc":{"start":{"line":4,"column":-1},"end":{"line":11,"column":23}},"locations":[{"start":{"line":4,"column":-1},"end":{"line":11,"column":23}}]},"5":{"type":"branch","line":11,"loc":{"start":{"line":11,"column":23},"end":{"line":11,"column":31}},"locations":[{"start":{"line":11,"column":23},"end":{"line":11,"column":31}}]},"6":{"type":"branch","line":11,"loc":{"start":{"line":11,"column":32},"end":{"line":11,"column":40}},"locations":[{"start":{"line":11,"column":32},"end":{"line":11,"column":40}}]},"7":{"type":"branch","line":8,"loc":{"start":{"line":8,"column":13},"end":{"line":10,"column":5}},"locations":[{"start":{"line":8,"column":13},"end":{"line":10,"column":5}}]},"8":{"type":"branch","line":9,"loc":{"start":{"line":9,"column":36},"end":{"line":9,"column":50}},"locations":[{"start":{"line":9,"column":36},"end":{"line":9,"column":50}}]}},"b":{"0":[13],"1":[2],"2":[11],"3":[1],"4":[10],"5":[2],"6":[8],"7":[20],"8":[9]},"fnMap":{"0":{"name":"fizzbuzz","decl":{"start":{"line":1,"column":24},"end":{"line":12,"column":1}},"loc":{"start":{"line":1,"column":24},"end":{"line":12,"column":1}},"line":1}},"f":{"0":13}}
}
